<?xml version="1.0" encoding="UTF-8" ?>
<adfc-config xmlns="http://xmlns.oracle.com/adf/controller" version="1.2">
  <task-flow-definition id="test-task-flow">
    <default-activity id="__1">view1</default-activity>
    <managed-bean id="__15">
      <managed-bean-name id="__12">managedBean</managed-bean-name>
      <managed-bean-class id="__13">com.jayjay.view.ManagedBean</managed-bean-class>
      <managed-bean-scope id="__14">request</managed-bean-scope>
    </managed-bean>
    <view id="view1">
      <page>/view1.jsff</page>
    </view>
    <view id="view2">
      <page>/view2.jsff</page>
    </view>
    <control-flow-rule id="__2">
      <from-activity-id id="__3">view1</from-activity-id>
      <control-flow-case id="__5">
        <from-outcome id="__6">next</from-outcome>
        <to-activity-id id="__4">view2</to-activity-id>
      </control-flow-case>
    </control-flow-rule>
    <control-flow-rule id="__7">
      <from-activity-id id="__8">view2</from-activity-id>
      <control-flow-case id="__9">
        <from-outcome id="__11">back</from-outcome>
        <to-activity-id id="__10">view1</to-activity-id>
      </control-flow-case>
    </control-flow-rule>
    <use-page-fragments/>
  </task-flow-definition>
</adfc-config>
